The system is: Linux - 5.10.16.3-microsoft-standard-WSL2 - x86_64
Compiling the C compiler identification source file "CMakeCCompilerId.c" succeeded.
Compiler: /usr/bin/cc 
Build flags: 
Id flags:  

The output was:
0


Compilation of the C compiler identification source "CMakeCCompilerId.c" produced "a.out"

The C compiler identification is GNU, found in "/mnt/a/mai_stuff/DISCRAN/Lab_2/cmake-build-debug/CMakeFiles/3.23.0-rc2/CompilerIdC/a.out"

Compiling the CXX compiler identification source file "CMakeCXXCompilerId.cpp" succeeded.
Compiler: /usr/bin/c++ 
Build flags: 
Id flags:  

The output was:
0


Compilation of the CXX compiler identification source "CMakeCXXCompilerId.cpp" produced "a.out"

The CXX compiler identification is GNU, found in "/mnt/a/mai_stuff/DISCRAN/Lab_2/cmake-build-debug/CMakeFiles/3.23.0-rc2/CompilerIdCXX/a.out"

Determining if the C compiler works passed with the following output:
Change Dir: /mnt/a/mai_stuff/DISCRAN/Lab_2/cmake-build-debug/CMakeFiles/CMakeTmp

Run Build Command(s):/usr/bin/gmake -f Makefile cmTC_2e9bc/fast && /usr/bin/gmake  -f CMakeFiles/cmTC_2e9bc.dir/build.make CMakeFiles/cmTC_2e9bc.dir/build
gmake[1]: Entering directory '/mnt/a/mai_stuff/DISCRAN/Lab_2/cmake-build-debug/CMakeFiles/CMakeTmp'
Building C object CMakeFiles/cmTC_2e9bc.dir/testCCompiler.c.o
/usr/bin/cc    -o CMakeFiles/cmTC_2e9bc.dir/testCCompiler.c.o -c /mnt/a/mai_stuff/DISCRAN/Lab_2/cmake-build-debug/CMakeFiles/CMakeTmp/testCCompiler.c
Linking C executable cmTC_2e9bc
/usr/local/bin/cmake -E cmake_link_script CMakeFiles/cmTC_2e9bc.dir/link.txt --verbose=1
/usr/bin/cc CMakeFiles/cmTC_2e9bc.dir/testCCompiler.c.o -o cmTC_2e9bc 
gmake[1]: Leaving directory '/mnt/a/mai_stuff/DISCRAN/Lab_2/cmake-build-debug/CMakeFiles/CMakeTmp'



Determining if the CXX compiler works passed with the following output:
Change Dir: /mnt/a/mai_stuff/DISCRAN/Lab_2/cmake-build-debug/CMakeFiles/CMakeTmp

Run Build Command(s):/usr/bin/gmake -f Makefile cmTC_08157/fast && /usr/bin/gmake  -f CMakeFiles/cmTC_08157.dir/build.make CMakeFiles/cmTC_08157.dir/build
gmake[1]: Entering directory '/mnt/a/mai_stuff/DISCRAN/Lab_2/cmake-build-debug/CMakeFiles/CMakeTmp'
Building CXX object CMakeFiles/cmTC_08157.dir/testCXXCompiler.cxx.o
/usr/bin/c++    -o CMakeFiles/cmTC_08157.dir/testCXXCompiler.cxx.o -c /mnt/a/mai_stuff/DISCRAN/Lab_2/cmake-build-debug/CMakeFiles/CMakeTmp/testCXXCompiler.cxx
Linking CXX executable cmTC_08157
/usr/local/bin/cmake -E cmake_link_script CMakeFiles/cmTC_08157.dir/link.txt --verbose=1
/usr/bin/c++ CMakeFiles/cmTC_08157.dir/testCXXCompiler.cxx.o -o cmTC_08157 
gmake[1]: Leaving directory '/mnt/a/mai_stuff/DISCRAN/Lab_2/cmake-build-debug/CMakeFiles/CMakeTmp'



